0 info it worked if it ends with ok
1 verbose cli [ '/home/dom/.nvm/versions/node/v6.11.2/bin/node',
1 verbose cli   '/home/dom/.nvm/versions/node/v6.11.2/bin/npm',
1 verbose cli   'run',
1 verbose cli   'server' ]
2 info using npm@3.10.10
3 info using node@v6.11.2
4 verbose run-script [ 'preserver', 'server', 'postserver' ]
5 info lifecycle MVP-Dom@1.0.0~preserver: MVP-Dom@1.0.0
6 silly lifecycle MVP-Dom@1.0.0~preserver: no script for preserver, continuing
7 info lifecycle MVP-Dom@1.0.0~server: MVP-Dom@1.0.0
8 verbose lifecycle MVP-Dom@1.0.0~server: unsafe-perm in lifecycle true
9 verbose lifecycle MVP-Dom@1.0.0~server: PATH: /home/dom/.nvm/versions/node/v6.11.2/lib/node_modules/npm/bin/node-gyp-bin:/mnt/c/Users/domin/Desktop/hrrepo/work/MVP-Dom/node_modules/.bin:/home/dom/.nvm/versions/node/v6.11.2/bin:/home/linuxbrew/.linuxbrew/bin:/usr/local/sbin:/usr/local/bin:/usr/sbin:/usr/bin:/sbin:/bin:/usr/games:/usr/local/games:/mnt/c/ProgramData/Oracle/Java/javapath:/mnt/c/Python27:/mnt/c/Python27/Scripts:/mnt/c/Windows/System32:/mnt/c/Windows:/mnt/c/Windows/System32/wbem:/mnt/c/Windows/System32/WindowsPowerShell/v1.0:/mnt/c/Program Files (x86)/Skype/Phone:/mnt/c/Program Files/TortoiseGit/bin:/mnt/c/Program Files/Git/cmd:/mnt/c/Program Files/nodejs:/mnt/c/Program Files (x86)/NVIDIA Corporation/PhysX/Common:/mnt/c/Ruby22-x64/bin:/mnt/c/Program Files (x86)/NVIDIA Corporation/PhysX/Common:/mnt/c/Windows/System32:/mnt/c/Windows:/mnt/c/Windows/System32/wbem:/mnt/c/Windows/System32/WindowsPowerShell/v1.0:/mnt/c/Program Files (x86)/Skype/Phone:/mnt/c/Python27:/mnt/c/Users/domin/AppData/Local/Microsoft/WindowsApps:/mnt/c/Users/domin/AppData/Local/atom/bin:/mnt/c/Users/domin/AppData/Roaming/npm
10 verbose lifecycle MVP-Dom@1.0.0~server: CWD: /mnt/c/Users/domin/Desktop/hrrepo/work/MVP-Dom
11 silly lifecycle MVP-Dom@1.0.0~server: Args: [ '-c', 'babel-node server/index.js' ]
12 silly lifecycle MVP-Dom@1.0.0~server: Returned: code: 1  signal: null
13 info lifecycle MVP-Dom@1.0.0~server: Failed to exec server script
14 verbose stack Error: MVP-Dom@1.0.0 server: `babel-node server/index.js`
14 verbose stack Exit status 1
14 verbose stack     at EventEmitter.<anonymous> (/home/dom/.nvm/versions/node/v6.11.2/lib/node_modules/npm/lib/utils/lifecycle.js:255:16)
14 verbose stack     at emitTwo (events.js:106:13)
14 verbose stack     at EventEmitter.emit (events.js:191:7)
14 verbose stack     at ChildProcess.<anonymous> (/home/dom/.nvm/versions/node/v6.11.2/lib/node_modules/npm/lib/utils/spawn.js:40:14)
14 verbose stack     at emitTwo (events.js:106:13)
14 verbose stack     at ChildProcess.emit (events.js:191:7)
14 verbose stack     at maybeClose (internal/child_process.js:891:16)
14 verbose stack     at Process.ChildProcess._handle.onexit (internal/child_process.js:226:5)
15 verbose pkgid MVP-Dom@1.0.0
16 verbose cwd /mnt/c/Users/domin/Desktop/hrrepo/work/MVP-Dom
17 error Linux 4.4.0-43-Microsoft
18 error argv "/home/dom/.nvm/versions/node/v6.11.2/bin/node" "/home/dom/.nvm/versions/node/v6.11.2/bin/npm" "run" "server"
19 error node v6.11.2
20 error npm  v3.10.10
21 error code ELIFECYCLE
22 error MVP-Dom@1.0.0 server: `babel-node server/index.js`
22 error Exit status 1
23 error Failed at the MVP-Dom@1.0.0 server script 'babel-node server/index.js'.
23 error Make sure you have the latest version of node.js and npm installed.
23 error If you do, this is most likely a problem with the MVP-Dom package,
23 error not with npm itself.
23 error Tell the author that this fails on your system:
23 error     babel-node server/index.js
23 error You can get information on how to open an issue for this project with:
23 error     npm bugs MVP-Dom
23 error Or if that isn't available, you can get their info via:
23 error     npm owner ls MVP-Dom
23 error There is likely additional logging output above.
24 verbose exit [ 1, true ]
